<?xml version="1.0" encoding="UTF-8"?>
<testsuite xmlns:xsi="http://www.w3.org/2001/XMLSchema-instance" xsi:noNamespaceSchemaLocation="https://maven.apache.org/surefire/maven-surefire-plugin/xsd/surefire-test-report.xsd" name="giacom.cukes.GiacomCuke" time="21" tests="58" errors="0" skipped="0" failures="0">
  <properties>
    <property name="java.specification.version" value="14"/>
    <property name="sun.cpu.isalist" value="amd64"/>
    <property name="sun.jnu.encoding" value="Cp1250"/>
    <property name="java.class.path" value="E:\Nagash\Work\Code\Giacom\giacom\target\test-classes;E:\Nagash\Work\Code\Giacom\giacom\target\classes;C:\Users\Michal\.m2\repository\io\cucumber\cucumber-core\1.2.6\cucumber-core-1.2.6.jar;C:\Users\Michal\.m2\repository\info\cukes\cucumber-html\0.2.3\cucumber-html-0.2.3.jar;C:\Users\Michal\.m2\repository\info\cukes\cucumber-jvm-deps\1.0.5\cucumber-jvm-deps-1.0.5.jar;C:\Users\Michal\.m2\repository\info\cukes\gherkin\2.12.2\gherkin-2.12.2.jar;C:\Users\Michal\.m2\repository\io\cucumber\cucumber-java\1.2.6\cucumber-java-1.2.6.jar;C:\Users\Michal\.m2\repository\io\cucumber\cucumber-junit\1.2.6\cucumber-junit-1.2.6.jar;C:\Users\Michal\.m2\repository\io\cucumber\cucumber-spring\1.2.6\cucumber-spring-1.2.6.jar;C:\Users\Michal\.m2\repository\org\seleniumhq\selenium\selenium-java\3.141.59\selenium-java-3.141.59.jar;C:\Users\Michal\.m2\repository\org\seleniumhq\selenium\selenium-api\3.141.59\selenium-api-3.141.59.jar;C:\Users\Michal\.m2\repository\org\seleniumhq\selenium\selenium-edge-driver\3.141.59\selenium-edge-driver-3.141.59.jar;C:\Users\Michal\.m2\repository\org\seleniumhq\selenium\selenium-firefox-driver\3.141.59\selenium-firefox-driver-3.141.59.jar;C:\Users\Michal\.m2\repository\org\seleniumhq\selenium\selenium-ie-driver\3.141.59\selenium-ie-driver-3.141.59.jar;C:\Users\Michal\.m2\repository\org\seleniumhq\selenium\selenium-opera-driver\3.141.59\selenium-opera-driver-3.141.59.jar;C:\Users\Michal\.m2\repository\org\seleniumhq\selenium\selenium-remote-driver\3.141.59\selenium-remote-driver-3.141.59.jar;C:\Users\Michal\.m2\repository\org\seleniumhq\selenium\selenium-safari-driver\3.141.59\selenium-safari-driver-3.141.59.jar;C:\Users\Michal\.m2\repository\org\seleniumhq\selenium\selenium-support\3.141.59\selenium-support-3.141.59.jar;C:\Users\Michal\.m2\repository\net\bytebuddy\byte-buddy\1.8.15\byte-buddy-1.8.15.jar;C:\Users\Michal\.m2\repository\org\apache\commons\commons-exec\1.3\commons-exec-1.3.jar;C:\Users\Michal\.m2\repository\com\google\guava\guava\25.0-jre\guava-25.0-jre.jar;C:\Users\Michal\.m2\repository\com\google\code\findbugs\jsr305\1.3.9\jsr305-1.3.9.jar;C:\Users\Michal\.m2\repository\org\checkerframework\checker-compat-qual\2.0.0\checker-compat-qual-2.0.0.jar;C:\Users\Michal\.m2\repository\com\google\errorprone\error_prone_annotations\2.1.3\error_prone_annotations-2.1.3.jar;C:\Users\Michal\.m2\repository\com\google\j2objc\j2objc-annotations\1.1\j2objc-annotations-1.1.jar;C:\Users\Michal\.m2\repository\org\codehaus\mojo\animal-sniffer-annotations\1.14\animal-sniffer-annotations-1.14.jar;C:\Users\Michal\.m2\repository\com\squareup\okhttp3\okhttp\3.11.0\okhttp-3.11.0.jar;C:\Users\Michal\.m2\repository\com\squareup\okio\okio\1.14.0\okio-1.14.0.jar;C:\Users\Michal\.m2\repository\org\seleniumhq\selenium\selenium-server\3.141.59\selenium-server-3.141.59.jar;C:\Users\Michal\.m2\repository\com\beust\jcommander\1.72\jcommander-1.72.jar;C:\Users\Michal\.m2\repository\net\jcip\jcip-annotations\1.0\jcip-annotations-1.0.jar;C:\Users\Michal\.m2\repository\org\seleniumhq\selenium\jetty-repacked\9.4.12.v20180830\jetty-repacked-9.4.12.v20180830.jar;C:\Users\Michal\.m2\repository\org\yaml\snakeyaml\1.19\snakeyaml-1.19.jar;C:\Users\Michal\.m2\repository\org\seleniumhq\selenium\selenium-chrome-driver\3.141.59\selenium-chrome-driver-3.141.59.jar;C:\Users\Michal\.m2\repository\junit\junit\4.13\junit-4.13.jar;C:\Users\Michal\.m2\repository\org\hamcrest\hamcrest-core\1.3\hamcrest-core-1.3.jar;C:\Users\Michal\.m2\repository\javax\inject\javax.inject\1\javax.inject-1.jar;C:\Users\Michal\.m2\repository\javax\servlet\javax.servlet-api\4.0.1\javax.servlet-api-4.0.1.jar;C:\Users\Michal\.m2\repository\javax\javaee-api\8.0.1\javaee-api-8.0.1.jar;C:\Users\Michal\.m2\repository\com\sun\mail\javax.mail\1.6.2\javax.mail-1.6.2.jar;C:\Users\Michal\.m2\repository\javax\activation\activation\1.1\activation-1.1.jar;C:\Users\Michal\.m2\repository\org\springframework\spring-test\5.2.5.RELEASE\spring-test-5.2.5.RELEASE.jar;C:\Users\Michal\.m2\repository\org\springframework\spring-core\5.2.5.RELEASE\spring-core-5.2.5.RELEASE.jar;C:\Users\Michal\.m2\repository\org\springframework\spring-jcl\5.2.5.RELEASE\spring-jcl-5.2.5.RELEASE.jar;C:\Users\Michal\.m2\repository\org\springframework\spring-context\5.2.5.RELEASE\spring-context-5.2.5.RELEASE.jar;C:\Users\Michal\.m2\repository\org\springframework\spring-aop\5.2.5.RELEASE\spring-aop-5.2.5.RELEASE.jar;C:\Users\Michal\.m2\repository\org\springframework\spring-beans\5.2.5.RELEASE\spring-beans-5.2.5.RELEASE.jar;C:\Users\Michal\.m2\repository\org\springframework\spring-expression\5.2.5.RELEASE\spring-expression-5.2.5.RELEASE.jar;C:\Users\Michal\.m2\repository\org\springframework\spring-dao\2.0.8\spring-dao-2.0.8.jar;C:\Users\Michal\.m2\repository\aopalliance\aopalliance\1.0\aopalliance-1.0.jar;C:\Users\Michal\.m2\repository\commons-logging\commons-logging\1.1\commons-logging-1.1.jar;C:\Users\Michal\.m2\repository\log4j\log4j\1.2.12\log4j-1.2.12.jar;C:\Users\Michal\.m2\repository\logkit\logkit\1.0.1\logkit-1.0.1.jar;C:\Users\Michal\.m2\repository\avalon-framework\avalon-framework\4.1.3\avalon-framework-4.1.3.jar;C:\Users\Michal\.m2\repository\javax\servlet\servlet-api\2.3\servlet-api-2.3.jar;C:\Users\Michal\.m2\repository\org\apache\logging\log4j\log4j-core\2.15.0\log4j-core-2.15.0.jar;C:\Users\Michal\.m2\repository\org\apache\logging\log4j\log4j-api\2.15.0\log4j-api-2.15.0.jar;C:\Users\Michal\.m2\repository\org\awaitility\awaitility\4.0.3\awaitility-4.0.3.jar;C:\Users\Michal\.m2\repository\org\hamcrest\hamcrest\2.1\hamcrest-2.1.jar;C:\Users\Michal\.m2\repository\joda-time\joda-time\2.9.7\joda-time-2.9.7.jar;"/>
    <property name="java.vm.vendor" value="Oracle Corporation"/>
    <property name="sun.arch.data.model" value="64"/>
    <property name="user.variant" value=""/>
    <property name="java.vendor.url" value="https://java.oracle.com/"/>
    <property name="user.timezone" value="Europe/Prague"/>
    <property name="os.name" value="Windows 10"/>
    <property name="java.vm.specification.version" value="14"/>
    <property name="sun.java.launcher" value="SUN_STANDARD"/>
    <property name="user.country" value="CZ"/>
    <property name="sun.boot.library.path" value="C:\Program Files\Java\jdk-14.0.2\bin"/>
    <property name="sun.java.command" value="C:\Users\Michal\AppData\Local\Temp\surefire14292688539173041766\surefirebooter17444759531298488477.jar C:\Users\Michal\AppData\Local\Temp\surefire14292688539173041766 2022-01-31T01-20-46_458-jvmRun1 surefire8533132688323840253tmp surefire_04721403683822238163tmp"/>
    <property name="jdk.debug" value="release"/>
    <property name="surefire.test.class.path" value="E:\Nagash\Work\Code\Giacom\giacom\target\test-classes;E:\Nagash\Work\Code\Giacom\giacom\target\classes;C:\Users\Michal\.m2\repository\io\cucumber\cucumber-core\1.2.6\cucumber-core-1.2.6.jar;C:\Users\Michal\.m2\repository\info\cukes\cucumber-html\0.2.3\cucumber-html-0.2.3.jar;C:\Users\Michal\.m2\repository\info\cukes\cucumber-jvm-deps\1.0.5\cucumber-jvm-deps-1.0.5.jar;C:\Users\Michal\.m2\repository\info\cukes\gherkin\2.12.2\gherkin-2.12.2.jar;C:\Users\Michal\.m2\repository\io\cucumber\cucumber-java\1.2.6\cucumber-java-1.2.6.jar;C:\Users\Michal\.m2\repository\io\cucumber\cucumber-junit\1.2.6\cucumber-junit-1.2.6.jar;C:\Users\Michal\.m2\repository\io\cucumber\cucumber-spring\1.2.6\cucumber-spring-1.2.6.jar;C:\Users\Michal\.m2\repository\org\seleniumhq\selenium\selenium-java\3.141.59\selenium-java-3.141.59.jar;C:\Users\Michal\.m2\repository\org\seleniumhq\selenium\selenium-api\3.141.59\selenium-api-3.141.59.jar;C:\Users\Michal\.m2\repository\org\seleniumhq\selenium\selenium-edge-driver\3.141.59\selenium-edge-driver-3.141.59.jar;C:\Users\Michal\.m2\repository\org\seleniumhq\selenium\selenium-firefox-driver\3.141.59\selenium-firefox-driver-3.141.59.jar;C:\Users\Michal\.m2\repository\org\seleniumhq\selenium\selenium-ie-driver\3.141.59\selenium-ie-driver-3.141.59.jar;C:\Users\Michal\.m2\repository\org\seleniumhq\selenium\selenium-opera-driver\3.141.59\selenium-opera-driver-3.141.59.jar;C:\Users\Michal\.m2\repository\org\seleniumhq\selenium\selenium-remote-driver\3.141.59\selenium-remote-driver-3.141.59.jar;C:\Users\Michal\.m2\repository\org\seleniumhq\selenium\selenium-safari-driver\3.141.59\selenium-safari-driver-3.141.59.jar;C:\Users\Michal\.m2\repository\org\seleniumhq\selenium\selenium-support\3.141.59\selenium-support-3.141.59.jar;C:\Users\Michal\.m2\repository\net\bytebuddy\byte-buddy\1.8.15\byte-buddy-1.8.15.jar;C:\Users\Michal\.m2\repository\org\apache\commons\commons-exec\1.3\commons-exec-1.3.jar;C:\Users\Michal\.m2\repository\com\google\guava\guava\25.0-jre\guava-25.0-jre.jar;C:\Users\Michal\.m2\repository\com\google\code\findbugs\jsr305\1.3.9\jsr305-1.3.9.jar;C:\Users\Michal\.m2\repository\org\checkerframework\checker-compat-qual\2.0.0\checker-compat-qual-2.0.0.jar;C:\Users\Michal\.m2\repository\com\google\errorprone\error_prone_annotations\2.1.3\error_prone_annotations-2.1.3.jar;C:\Users\Michal\.m2\repository\com\google\j2objc\j2objc-annotations\1.1\j2objc-annotations-1.1.jar;C:\Users\Michal\.m2\repository\org\codehaus\mojo\animal-sniffer-annotations\1.14\animal-sniffer-annotations-1.14.jar;C:\Users\Michal\.m2\repository\com\squareup\okhttp3\okhttp\3.11.0\okhttp-3.11.0.jar;C:\Users\Michal\.m2\repository\com\squareup\okio\okio\1.14.0\okio-1.14.0.jar;C:\Users\Michal\.m2\repository\org\seleniumhq\selenium\selenium-server\3.141.59\selenium-server-3.141.59.jar;C:\Users\Michal\.m2\repository\com\beust\jcommander\1.72\jcommander-1.72.jar;C:\Users\Michal\.m2\repository\net\jcip\jcip-annotations\1.0\jcip-annotations-1.0.jar;C:\Users\Michal\.m2\repository\org\seleniumhq\selenium\jetty-repacked\9.4.12.v20180830\jetty-repacked-9.4.12.v20180830.jar;C:\Users\Michal\.m2\repository\org\yaml\snakeyaml\1.19\snakeyaml-1.19.jar;C:\Users\Michal\.m2\repository\org\seleniumhq\selenium\selenium-chrome-driver\3.141.59\selenium-chrome-driver-3.141.59.jar;C:\Users\Michal\.m2\repository\junit\junit\4.13\junit-4.13.jar;C:\Users\Michal\.m2\repository\org\hamcrest\hamcrest-core\1.3\hamcrest-core-1.3.jar;C:\Users\Michal\.m2\repository\javax\inject\javax.inject\1\javax.inject-1.jar;C:\Users\Michal\.m2\repository\javax\servlet\javax.servlet-api\4.0.1\javax.servlet-api-4.0.1.jar;C:\Users\Michal\.m2\repository\javax\javaee-api\8.0.1\javaee-api-8.0.1.jar;C:\Users\Michal\.m2\repository\com\sun\mail\javax.mail\1.6.2\javax.mail-1.6.2.jar;C:\Users\Michal\.m2\repository\javax\activation\activation\1.1\activation-1.1.jar;C:\Users\Michal\.m2\repository\org\springframework\spring-test\5.2.5.RELEASE\spring-test-5.2.5.RELEASE.jar;C:\Users\Michal\.m2\repository\org\springframework\spring-core\5.2.5.RELEASE\spring-core-5.2.5.RELEASE.jar;C:\Users\Michal\.m2\repository\org\springframework\spring-jcl\5.2.5.RELEASE\spring-jcl-5.2.5.RELEASE.jar;C:\Users\Michal\.m2\repository\org\springframework\spring-context\5.2.5.RELEASE\spring-context-5.2.5.RELEASE.jar;C:\Users\Michal\.m2\repository\org\springframework\spring-aop\5.2.5.RELEASE\spring-aop-5.2.5.RELEASE.jar;C:\Users\Michal\.m2\repository\org\springframework\spring-beans\5.2.5.RELEASE\spring-beans-5.2.5.RELEASE.jar;C:\Users\Michal\.m2\repository\org\springframework\spring-expression\5.2.5.RELEASE\spring-expression-5.2.5.RELEASE.jar;C:\Users\Michal\.m2\repository\org\springframework\spring-dao\2.0.8\spring-dao-2.0.8.jar;C:\Users\Michal\.m2\repository\aopalliance\aopalliance\1.0\aopalliance-1.0.jar;C:\Users\Michal\.m2\repository\commons-logging\commons-logging\1.1\commons-logging-1.1.jar;C:\Users\Michal\.m2\repository\log4j\log4j\1.2.12\log4j-1.2.12.jar;C:\Users\Michal\.m2\repository\logkit\logkit\1.0.1\logkit-1.0.1.jar;C:\Users\Michal\.m2\repository\avalon-framework\avalon-framework\4.1.3\avalon-framework-4.1.3.jar;C:\Users\Michal\.m2\repository\javax\servlet\servlet-api\2.3\servlet-api-2.3.jar;C:\Users\Michal\.m2\repository\org\apache\logging\log4j\log4j-core\2.15.0\log4j-core-2.15.0.jar;C:\Users\Michal\.m2\repository\org\apache\logging\log4j\log4j-api\2.15.0\log4j-api-2.15.0.jar;C:\Users\Michal\.m2\repository\org\awaitility\awaitility\4.0.3\awaitility-4.0.3.jar;C:\Users\Michal\.m2\repository\org\hamcrest\hamcrest\2.1\hamcrest-2.1.jar;C:\Users\Michal\.m2\repository\joda-time\joda-time\2.9.7\joda-time-2.9.7.jar;"/>
    <property name="sun.cpu.endian" value="little"/>
    <property name="user.home" value="C:\Users\Michal"/>
    <property name="user.language" value="cs"/>
    <property name="java.specification.vendor" value="Oracle Corporation"/>
    <property name="java.version.date" value="2020-07-14"/>
    <property name="java.home" value="C:\Program Files\Java\jdk-14.0.2"/>
    <property name="file.separator" value="\"/>
    <property name="basedir" value="E:\Nagash\Work\Code\Giacom\giacom"/>
    <property name="java.vm.compressedOopsMode" value="Zero based"/>
    <property name="line.separator" value="&#10;"/>
    <property name="java.vm.specification.vendor" value="Oracle Corporation"/>
    <property name="java.specification.name" value="Java Platform API Specification"/>
    <property name="surefire.real.class.path" value="C:\Users\Michal\AppData\Local\Temp\surefire14292688539173041766\surefirebooter17444759531298488477.jar"/>
    <property name="user.script" value=""/>
    <property name="sun.management.compiler" value="HotSpot 64-Bit Tiered Compilers"/>
    <property name="java.runtime.version" value="14.0.2+12-46"/>
    <property name="user.name" value="Michal"/>
    <property name="path.separator" value=";"/>
    <property name="os.version" value="10.0"/>
    <property name="java.runtime.name" value="Java(TM) SE Runtime Environment"/>
    <property name="file.encoding" value="Cp1250"/>
    <property name="java.vm.name" value="Java HotSpot(TM) 64-Bit Server VM"/>
    <property name="localRepository" value="C:\Users\Michal\.m2\repository"/>
    <property name="java.vendor.url.bug" value="https://bugreport.java.com/bugreport/"/>
    <property name="java.io.tmpdir" value="C:\Users\Michal\AppData\Local\Temp\"/>
    <property name="cuke" value="GiacomCuke"/>
    <property name="java.version" value="14.0.2"/>
    <property name="user.dir" value="E:\Nagash\Work\Code\Giacom\giacom"/>
    <property name="os.arch" value="amd64"/>
    <property name="java.vm.specification.name" value="Java Virtual Machine Specification"/>
    <property name="sun.os.patch.level" value=""/>
    <property name="java.library.path" value="C:\Program Files\Java\jdk-14.0.2\bin;C:\WINDOWS\Sun\Java\bin;C:\WINDOWS\system32;C:\WINDOWS;C:\Windows\system32;C:\Windows;C:\Windows\System32\Wbem;C:\Windows\System32\WindowsPowerShell\v1.0\;C:\Windows\System32\OpenSSH\;C:\Program Files\Intel\WiFi\bin\;C:\Program Files\Common Files\Intel\WirelessCommon\;C:\Program Files (x86)\NVIDIA Corporation\PhysX\Common;C:\Program Files\NVIDIA Corporation\NVIDIA NvDLISR;C:\WINDOWS\system32;C:\WINDOWS;C:\WINDOWS\System32\Wbem;C:\WINDOWS\System32\WindowsPowerShell\v1.0\;C:\WINDOWS\System32\OpenSSH\;C:\Program Files\Git\cmd;C:\maven\bin;C:\Program Files\Java\jdk-14.0.2\bin;C:\Program Files\TortoiseGit\bin;C:\Users\Michal\AppData\Local\Microsoft\WindowsApps;C:\Program Files\Intel\WiFi\bin\;C:\Program Files\Common Files\Intel\WirelessCommon\;;C:\Program Files\JetBrains\Rider for Unreal Engine 2020.1.3\bin;;C:\Program Files\JetBrains\IntelliJ IDEA 2021.3.1\bin;;C:\Program Files\JetBrains\JetBrains Rider 2021.3.2\bin;;."/>
    <property name="java.vm.info" value="mixed mode, sharing"/>
    <property name="java.vendor" value="Oracle Corporation"/>
    <property name="java.vm.version" value="14.0.2+12-46"/>
    <property name="sun.io.unicode.encoding" value="UnicodeLittle"/>
    <property name="java.class.version" value="58.0"/>
  </properties>
  <testcase name="Given User will login and is on landing page" classname="Scenario: User log out path" time="0"/>
  <testcase name="Given User will logout" classname="Scenario: User log out path" time="0.001"/>
  <testcase name="When User will be on login page" classname="Scenario: User log out path" time="0"/>
  <testcase name="Then User cannot access landing page" classname="Scenario: User log out path" time="0"/>
  <testcase name="Scenario: User log out path" classname="Scenario: User log out path" time="0"/>
  <testcase name="Given User will login and is on landing page" classname="| Sit | 3 | Definiebas2 |" time="0"/>
  <testcase name="Given User will open &quot;Challenging DOM&quot; page" classname="| Sit | 3 | Definiebas2 |" time="0"/>
  <testcase name="Then User will be able verify that &quot;Definiebas2&quot; in selected &quot;3&quot; and &quot;Sit&quot; is correct" classname="| Sit | 3 | Definiebas2 |" time="0"/>
  <testcase name="| Sit | 3 | Definiebas2 |" classname="| Sit | 3 | Definiebas2 |" time="0"/>
  <testcase name="Given User will login and is on landing page" classname="| Amet | 7 | Consequuntur6 |" time="0"/>
  <testcase name="Given User will open &quot;Challenging DOM&quot; page" classname="| Amet | 7 | Consequuntur6 |" time="0"/>
  <testcase name="Then User will be able verify that &quot;Consequuntur6&quot; in selected &quot;7&quot; and &quot;Amet&quot; is correct" classname="| Amet | 7 | Consequuntur6 |" time="0"/>
  <testcase name="| Amet | 7 | Consequuntur6 |" classname="| Amet | 7 | Consequuntur6 |" time="0"/>
  <testcase name="Given User will login and is on landing page" classname="| Amet | 8 | Consequuntur7 |" time="0"/>
  <testcase name="Given User will open &quot;Challenging DOM&quot; page" classname="| Amet | 8 | Consequuntur7 |" time="0"/>
  <testcase name="Then User will be able verify that &quot;Consequuntur7&quot; in selected &quot;8&quot; and &quot;Amet&quot; is correct" classname="| Amet | 8 | Consequuntur7 |" time="0"/>
  <testcase name="| Amet | 8 | Consequuntur7 |" classname="| Amet | 8 | Consequuntur7 |" time="0"/>
  <testcase name="Given User will login and is on landing page" classname="Scenario: Not persistent checkboxes" time="0"/>
  <testcase name="Given User will open &quot;Checkboxes&quot; page" classname="Scenario: Not persistent checkboxes" time="0"/>
  <testcase name="When Checkbox 2 is &quot;checked&quot;" classname="Scenario: Not persistent checkboxes" time="0"/>
  <testcase name="Then Set checkbox 2 to &quot;unchecked&quot;" classname="Scenario: Not persistent checkboxes" time="0"/>
  <testcase name="And Set checkbox 1 to &quot;checked&quot;" classname="Scenario: Not persistent checkboxes" time="0"/>
  <testcase name="And Reload page and verify default state is set" classname="Scenario: Not persistent checkboxes" time="0"/>
  <testcase name="Scenario: Not persistent checkboxes" classname="Scenario: Not persistent checkboxes" time="0.001"/>
  <testcase name="Given User will login and is on landing page" classname="Scenario: Page with entry advertisement" time="0"/>
  <testcase name="Given User will open &quot;Entry Ad&quot; page" classname="Scenario: Page with entry advertisement" time="0"/>
  <testcase name="Then User will close modal window" classname="Scenario: Page with entry advertisement" time="0"/>
  <testcase name="Scenario: Page with entry advertisement" classname="Scenario: Page with entry advertisement" time="0"/>
  <testcase name="Given User will login and is on landing page" classname="Scenario: Basic inputs" time="0"/>
  <testcase name="Given User will open &quot;Inputs&quot; page" classname="Scenario: Basic inputs" time="0"/>
  <testcase name="When User will fill &quot;empty_data&quot; form and submit it" classname="Scenario: Basic inputs" time="0"/>
  <testcase name="And User will fill &quot;wrong_email_data&quot; form and submit it" classname="Scenario: Basic inputs" time="0"/>
  <testcase name="And User will fill &quot;all_correct_data&quot; form and submit it" classname="Scenario: Basic inputs" time="0"/>
  <testcase name="Then User will verify form was accepted" classname="Scenario: Basic inputs" time="0"/>
  <testcase name="Scenario: Basic inputs" classname="Scenario: Basic inputs" time="0"/>
  <testcase name="Given User will login and is on landing page" classname="Scenario: JavaScript Alerts" time="0"/>
  <testcase name="Given User will open &quot;Javascript Alerts&quot; page" classname="Scenario: JavaScript Alerts" time="0"/>
  <testcase name="When User will click on &quot;Click for JS Alert&quot; button" classname="Scenario: JavaScript Alerts" time="0"/>
  <testcase name="And User is able to close &quot;alert&quot; alert" classname="Scenario: JavaScript Alerts" time="0"/>
  <testcase name="And User can see &quot;successful&quot; result" classname="Scenario: JavaScript Alerts" time="0"/>
  <testcase name="And User will click on &quot;Click for JS Confirm&quot; button" classname="Scenario: JavaScript Alerts" time="0"/>
  <testcase name="And User is able to close &quot;confirm&quot; alert" classname="Scenario: JavaScript Alerts" time="0"/>
  <testcase name="And User can see &quot;clicked&quot; result" classname="Scenario: JavaScript Alerts" time="0"/>
  <testcase name="And User will click on &quot;Click for JS Prompt&quot; button" classname="Scenario: JavaScript Alerts" time="0"/>
  <testcase name="Then User is able to verify alert" classname="Scenario: JavaScript Alerts" time="0"/>
  <testcase name="And User is able to fill alert with &quot;check1&quot; value" classname="Scenario: JavaScript Alerts" time="0"/>
  <testcase name="And User can see &quot;entered&quot; result" classname="Scenario: JavaScript Alerts" time="0"/>
  <testcase name="Scenario: JavaScript Alerts" classname="Scenario: JavaScript Alerts" time="0"/>
  <testcase name="Given User will login and is on landing page" classname="Scenario: Multiple Windows" time="0"/>
  <testcase name="Given User will open &quot;Multiple Windows&quot; page" classname="Scenario: Multiple Windows" time="0"/>
  <testcase name="When User will click on &quot;Click Here&quot; link" classname="Scenario: Multiple Windows" time="0"/>
  <testcase name="And New window with text &quot;New Window&quot; is created" classname="Scenario: Multiple Windows" time="0"/>
  <testcase name="Then User can close window and focus on windows page" classname="Scenario: Multiple Windows" time="0"/>
  <testcase name="Scenario: Multiple Windows" classname="Scenario: Multiple Windows" time="0"/>
  <testcase name="Given User open login page" classname="Scenario: User log in with valid credentials" time="0"/>
  <testcase name="When User login with valid login credentials (login: &quot;admin&quot;, password: &quot;bluebird&quot;)" classname="Scenario: User log in with valid credentials" time="0"/>
  <testcase name="Then User is on landing page" classname="Scenario: User log in with valid credentials" time="0"/>
  <testcase name="Scenario: User log in with valid credentials" classname="Scenario: User log in with valid credentials" time="0"/>
</testsuite>